<?xml version="1.0" encoding="UTF-8"?>
<!-- Generated by org.testng.reporters.JUnitXMLReporter -->
<testsuite ignored="0" hostname="5CD93439TM" failures="0" tests="4" name="Default test" time="0.058" errors="0" timestamp="2021-08-14T13:05:59 IST">
  <testcase classname="test.Lec148_DataProvider" name="Evil" time="0.006"/>
  <testcase classname="test.Lec148_DataProvider" name="Evil" time="0.001"/>
  <testcase classname="test.Lec148_DataProvider" name="Evil" time="0.001"/>
  <testcase classname="test.Lec148_DataProvider" name="Luci" time="0.001"/>
</testsuite> <!-- Default test -->
