<?xml version="1.0" encoding="UTF-8"?>
<!-- Generated by org.testng.reporters.JUnitXMLReporter -->
<testsuite ignored="1" hostname="5CD93439TM" failures="0" tests="6" name="145" time="0.058" errors="0" timestamp="2021-07-13T18:47:48 IST">
  <testcase classname="test.Lec145_Helper" name="Demo1" time="0.007"/>
  <testcase classname="test.Lec145_Helper" name="Tail" time="0.0"/>
  <testcase classname="test.Lec145_Helper" name="Demo" time="0.001"/>
  <testcase classname="test.Lec145_Helper" name="Head" time="0.001"/>
  <testcase classname="test.Lec145_Helper" name="Zack" time="0.005"/>
  <testcase classname="test.Lec145_Helper" name="Demon" time="0.001"/>
  <testcase classname="test.Lec145_Helper" name="Evil" time="0.0">
    <ignored/>
  </testcase> <!-- Evil -->
</testsuite> <!-- 145 -->
