<?xml version="1.0" encoding="UTF-8"?>
<testng-results ignored="0" total="4" passed="4" failed="0" skipped="0">
  <reporter-output>
  </reporter-output>
  <suite started-at="2021-08-14T13:05:59 IST" name="Default suite" finished-at="2021-08-14T13:05:59 IST" duration-ms="58">
    <groups>
    </groups>
    <test started-at="2021-08-14T13:05:59 IST" name="Default test" finished-at="2021-08-14T13:05:59 IST" duration-ms="58">
      <class name="test.Lec148_DataProvider">
        <test-method signature="Evil(java.lang.String,java.lang.String)[pri:0, instance:test.Lec148_DataProvider@8317c52]" started-at="2021-08-14T13:05:59 IST" name="Evil" data-provider="getData" finished-at="2021-08-14T13:05:59 IST" duration-ms="6" status="PASS">
          <params>
            <param index="0">
              <value>
                <![CDATA[firstusername]]>
              </value>
            </param>
            <param index="1">
              <value>
                <![CDATA[firstpassword]]>
              </value>
            </param>
          </params>
          <reporter-output>
          </reporter-output>
        </test-method> <!-- Evil -->
        <test-method signature="Evil(java.lang.String,java.lang.String)[pri:0, instance:test.Lec148_DataProvider@8317c52]" started-at="2021-08-14T13:05:59 IST" name="Evil" data-provider="getData" finished-at="2021-08-14T13:05:59 IST" duration-ms="1" status="PASS">
          <params>
            <param index="0">
              <value>
                <![CDATA[secondusername]]>
              </value>
            </param>
            <param index="1">
              <value>
                <![CDATA[secondpassword]]>
              </value>
            </param>
          </params>
          <reporter-output>
          </reporter-output>
        </test-method> <!-- Evil -->
        <test-method signature="Evil(java.lang.String,java.lang.String)[pri:0, instance:test.Lec148_DataProvider@8317c52]" started-at="2021-08-14T13:05:59 IST" name="Evil" data-provider="getData" finished-at="2021-08-14T13:05:59 IST" duration-ms="1" status="PASS">
          <params>
            <param index="0">
              <value>
                <![CDATA[thirdusername]]>
              </value>
            </param>
            <param index="1">
              <value>
                <![CDATA[thirdpassword]]>
              </value>
            </param>
          </params>
          <reporter-output>
          </reporter-output>
        </test-method> <!-- Evil -->
        <test-method signature="Luci()[pri:0, instance:test.Lec148_DataProvider@8317c52]" started-at="2021-08-14T13:05:59 IST" name="Luci" finished-at="2021-08-14T13:05:59 IST" duration-ms="1" status="PASS">
          <reporter-output>
          </reporter-output>
        </test-method> <!-- Luci -->
      </class> <!-- test.Lec148_DataProvider -->
    </test> <!-- Default test -->
  </suite> <!-- Default suite -->
</testng-results>
